twego metrics
2.10E+02/0.22
1.20E+02/0.35
1.23E+03/0.40
1.77E+03/0.37
1.09E+03/0.57
INF/0.23
5.23E+02/0.84
3.11E+08/0.45
INF/1.96
INF/1.15
4.55E+02/0.46
1.10E+04/0.80
fbego metrics
2.42E+03/0.39
1.10E+03/0.42
1.92E+04/0.46
1.29E+04/0.49
9.48E+03/0.67
INF/0.45
6.18E+03/0.75
3.57E+12/0.91
INF/0.94
INF/0.98
3.93E+07/0.77
1.20E+05/0.96
wikiedit metrics
2.69E+04/0.35
2.62E+04/0.41
4.93E+04/0.62
8.05E+04/0.64
1.41E+05/1.09
INF/0.78
2.71E+04/0.53
9.18E+11/0.62
INF/nan
INF/1.04
7.51E+29/1.27
2.54E+06/0.86
physic metrics
6.68E+04/0.45
8.71E+04/0.53
1.47E+05/0.80
8.19E+05/0.55
7.62E+05/0.90
INF/0.47
1.13E+05/0.53
2.47E+10/0.95
INF/nan
INF/1.02
4.00E+09/0.77
9.38E+07/1.41
trust metrics
9.07E+05/0.48
7.07E+06/0.54
INF/1.05
1.37E+07/0.96
3.16E+08/1.99
INF/0.69
2.88E+06/1.78
1.15E+17/0.64
INF/nan
INF/1.70
1.39E+10/0.87
9.59E+07/0.89
scinet metrics
2.00E+06/0.34
6.49E+12/0.77
9.94E+12/1.74
1.92E+08/1.52
2.34E+09/4.61
INF/0.74
2.23E+06/1.98
1.06E+17/0.86
INF/nan
INF/1.26
NaN NaN NaN
6.63E+07/1.32
