twego metrics
1.00E+00/0.28/0.00
-------------
5.10E+00/0.30/2.60
9.00E-01/0.77/0.26
9.00E-01/0.40/0.65
-------------
4.00E+00/0.15/0.00
2.00E+00/0.13/5.00
-------------
4.00E+01/0.35/3.45
-------------
5.70E+01/0.16/13.97
2.24E+02/2.40/59.99
7.50E+01/3.66/25.08
6.60E+01/0.28/3.87
7.80E+01/1.95/12.72
fbego metrics
3.10E+02/0.36/40.89
-------------
3.75E+02/0.30/58.44
2.59E+02/0.45/52.27
3.25E+02/0.24/63.70
-------------
2.75E+02/0.21/45.41
3.02E+02/0.30/98.12
-------------
4.37E+02/0.29/64.34
-------------
1.42E+03/1.44/271.35
7.04E+03/inf/958.00
2.09E+03/0.24/643.88
1.86E+03/2906506.37/741.00
2.16E+03/1.56/296.71
wikiedit metrics
1.12E+03/0.17/408.36
-------------
1.22E+03/0.31/402.04
6.31E+02/0.11/521.96
6.92E+02/0.11/478.43
-------------
1.47E+03/0.23/514.18
2.46E+03/0.06/3147.44
-------------
4.86E+03/0.20/1457.52
-------------
8.59E+03/0.13/614.29
3.09E+04/inf/4495.00
1.12E+04/0.20/2695.72
9.33E+03/0.40/2251.41
1.03E+04/1.12/1012.85
physic metrics
9.74E+03/0.39/459.70
-------------
8.80E+03/0.32/894.17
6.65E+03/0.17/391.67
6.39E+03/0.32/440.03
-------------
1.86E+04/0.33/419.35
8.18E+03/0.78/582.90
-------------
3.05E+04/0.30/781.61
-------------
4.63E+04/0.19/1376.33
1.83E+05/9.65/5588.83
3.07E+04/0.57/4739.49
9.45E+04/4500959.68/5339.00
2.70E+04/0.90/2404.98
trust metrics
1.12E+04/0.32/671.64
-------------
1.30E+04/0.34/827.74
6.32E+03/0.33/782.83
5.54E+03/0.25/758.24
-------------
1.95E+04/0.29/1147.72
1.26E+04/0.34/2016.99
-------------
1.52E+04/0.06/1018.14
-------------
1.56E+05/0.06/1510.53
1.40E+05/5.50/7794.39
1.32E+05/3.49/6627.20
1.47E+05/0.54/3725.22
1.21E+05/0.91/3438.33
scinet metrics
1.20E+04/0.34/751.06
-------------
6.73E+03/0.37/1421.84
5.23E+03/0.33/1301.16
5.22E+03/0.29/1517.37
-------------
3.41E+05/0.28/1204.97
1.50E+04/0.34/7520.11
-------------
1.87E+04/0.31/1097.92
-------------
4.17E+05/0.19/3603.67
3.66E+06/inf/16242.00
2.38E+05/0.43/10037.90
[Errno 2] No such file or directory: '../gem_pos/scinet_lle.txt.npy'
NaN NaN NaN
2.34E+05/1.20/5167.96
